Arguments: 
  C:\Program Files\nodejs\node.exe C:\Program Files (x86)\Yarn\bin\yarn.js add semantic-ui-react

PATH: 
  C:\Program Files (x86)\Microsoft SDKs\Azure\CLI2\wbin;C:\python27\;C:\Program Files (x86)\Common Files\Oracle\Java\javapath;C:\Program Files\Microsoft MPI\Bin\;C:\Program Files (x86)\Intel\iCLS Client\;C:\Program Files\Intel\iCLS Client\;C:\Windows\system32;C:\Windows;C:\Windows\System32\Wbem;C:\Windows\System32\WindowsPowerShell\v1.0\;C:\Windows\System32\OpenSSH\;C:\Program Files (x86)\Intel\Intel(R) Management Engine Components\DAL;C:\Program Files\Intel\Intel(R) Management Engine Components\DAL;C:\Program Files (x86)\Intel\Intel(R) Management Engine Components\IPT;C:\Program Files\Intel\Intel(R) Management Engine Components\IPT;C:\Program Files\Git\cmd;C:\Program Files\dotnet\;C:\Program Files\Microsoft SQL Server\130\Tools\Binn\;C:\Program Files\nodejs\;C:\Program Files (x86)\Yarn\bin\;C:\PostgreSQL\pg11\bin;C:\Python27;C:\Program Files\Microsoft SQL Server\Client SDK\ODBC\110\Tools\Binn\;C:\Program Files (x86)\Microsoft SQL Server\120\Tools\Binn\;C:\Program Files\Microsoft SQL Server\120\Tools\Binn\;C:\Program Files\Microsoft SQL Server\120\DTS\Binn\;C:\Program Files (x86)\Windows Kits\8.1\Windows Performance Toolkit\;C:\Users\bobi_\.dnx\bin;C:\Program Files\Microsoft DNX\Dnvm\;C:\Program Files (x86)\NVIDIA Corporation\PhysX\Common;C:\Users\bobi_\.dnx\bin;C:\Program Files\Microsoft DNX\Dnvm\;C:\Users\bobi_\AppData\Roaming\npm;C:\Users\bobi_\AppData\Local\Android\Sdk\platform-tools;C:\Users\bobi_\AppData\Local\Programs\Python\Python37\Scripts\;C:\Users\bobi_\AppData\Local\Programs\Python\Python37\;C:\Users\bobi_\AppData\Local\Microsoft\WindowsApps;;C:\Program Files\Microsoft VS Code\bin;C:\Users\bobi_\AppData\Local\Yarn\bin

Yarn version: 
  1.12.3

Node version: 
  10.9.0

Platform: 
  win32 x64

Trace: 
  Error: EPERM: operation not permitted, unlink 'C:\Projects\Dzvun\mobile\Expo\node_modules\.cache\@babel\register'

npm manifest: 
  {
    "main": "node_modules/expo/AppEntry.js",
    "scripts": {
      "start": "expo start",
      "android": "expo start --android",
      "ios": "expo start --ios",
      "eject": "expo eject",
      "test": "node ./node_modules/jest/bin/jest.js --watchAll"
    },
    "jest": {
      "preset": "jest-expo"
    },
    "dependencies": {
      "@expo/samples": "2.1.1",
      "expo": "^32.0.0",
      "react": "16.5.0",
      "react-native": "https://github.com/expo/react-native/archive/sdk-32.0.0.tar.gz",
      "react-native-ble-plx": "^1.0.3",
      "react-native-elements": "^1.1.0",
      "react-navigation": "^3.3.0"
    },
    "devDependencies": {
      "babel-preset-expo": "^5.0.0",
      "jest-expo": "^32.0.0"
    },
    "private": true
  }

yarn manifest: 
  No manifest

Lockfile: 
  No lockfile
